"18-Jul-24 23:09:03" - matplotlib - DEBUG - $HOME=/root
"18-Jul-24 23:09:03" - matplotlib - DEBUG - CONFIGDIR=/root/.config/matplotlib
"18-Jul-24 23:09:03" - matplotlib - DEBUG - matplotlib data path: /usr/share/matplotlib/mpl-data
"18-Jul-24 23:09:03" - matplotlib - DEBUG - loaded rc file /etc/matplotlibrc
"18-Jul-24 23:09:03" - matplotlib - DEBUG - matplotlib version 3.0.2
"18-Jul-24 23:09:03" - matplotlib - DEBUG - interactive is False
"18-Jul-24 23:09:03" - matplotlib - DEBUG - platform is linux
"18-Jul-24 23:09:03" - matplotlib - DEBUG - loaded modules: ['sys', 'builtins', '_frozen_importlib', '_imp', '_thread', '_warnings', '_weakref', 'zipimport', '_frozen_importlib_external', '_io', 'marshal', 'posix', 'encodings', 'codecs', '_codecs', 'encodings.aliases', 'encodings.utf_8', '_signal', '__main__', 'encodings.latin_1', 'io', 'abc', '_abc', '_bootlocale', '_locale', 'site', 'os', 'stat', '_stat', 'posixpath', 'genericpath', 'os.path', '_collections_abc', '_sitebuiltins', '_distutils_hack', 'types', 'importlib', 'importlib._bootstrap', 'importlib._bootstrap_external', 'warnings', 'importlib.util', 'importlib.abc', 'importlib.machinery', 'contextlib', 'collections', 'operator', '_operator', 'keyword', 'heapq', '_heapq', 'itertools', 'reprlib', '_collections', 'functools', '_functools', 'mpl_toolkits', 'sitecustomize', 'get_all_variables', 'create_objects', 'zlib', 'pyspark', 'pyspark.conf', 're', 'enum', 'sre_compile', '_sre', 'sre_parse', 'sre_constants', 'copyreg', 'pyspark.context', '__future__', 'shutil', 'fnmatch', 'errno', 'bz2', '_compression', 'threading', 'time', 'traceback', 'linecache', 'tokenize', 'token', '_weakrefset', '_bz2', 'lzma', '_lzma', 'pwd', 'grp', 'signal', 'tempfile', 'random', 'math', 'hashlib', '_hashlib', '_blake2', '_sha3', 'bisect', '_bisect', '_random', 'weakref', 'py4j', 'py4j.version', 'py4j.protocol', 'base64', 'struct', '_struct', 'binascii', 'decimal', 'numbers', 'collections.abc', '_decimal', 'py4j.compat', 'inspect', 'dis', 'opcode', '_opcode', 'queue', '_queue', 'pyspark.accumulators', 'select', 'socketserver', 'socket', '_socket', 'selectors', 'pyspark.serializers', 'setuptools', '_distutils_hack.override', 'setuptools._distutils', 'distutils', 'distutils.core', 'distutils.debug', 'distutils.errors', 'distutils.dist', 'pathlib', 'ntpath', 'urllib', 'urllib.parse', 'logging', 'string', '_string', 'atexit', 'email', 'distutils.fancy_getopt', 'getopt', 'gettext', 'locale', 'distutils.util', 'subprocess', '_posixsubprocess', 'sysconfig', 'distutils.dep_util', 'distutils.spawn', 'distutils._log', 'distutils.cmd', 'distutils.dir_util', 'distutils.file_util', 'distutils.archive_util', 'zipfile', 'distutils.config', 'configparser', 'distutils.extension', 'setuptools.warnings', 'datetime', '_datetime', 'textwrap', 'typing', 'typing.io', 'typing.re', 'setuptools.version', 'setuptools._importlib', 'setuptools.extern', 'setuptools._vendor', 'setuptools._vendor.importlib_metadata', 'csv', '_csv', 'setuptools._vendor.zipp', 'setuptools._vendor.importlib_metadata._adapters', 'email.message', 'uu', 'quopri', 'email.utils', 'email._parseaddr', 'calendar', 'email.charset', 'email.base64mime', 'email.quoprimime', 'email.errors', 'email.encoders', 'email._policybase', 'email.header', 'email._encoded_words', 'email.iterators', 'setuptools._vendor.importlib_metadata._text', 'setuptools._vendor.importlib_metadata._functools', 'setuptools._vendor.importlib_metadata._compat', 'platform', 'setuptools._vendor.typing_extensions', 'setuptools._vendor.importlib_metadata._meta', 'setuptools._vendor.importlib_metadata._py39compat', 'setuptools._vendor.importlib_metadata._collections', 'setuptools._vendor.importlib_metadata._itertools', 'setuptools.extern.importlib_metadata', 'setuptools._vendor.importlib_resources', 'setuptools._vendor.importlib_resources._common', 'setuptools._vendor.importlib_resources.abc', 'setuptools._vendor.importlib_resources._compat', 'setuptools._vendor.importlib_resources._legacy', 'setuptools.extern.importlib_resources', 'encodings.cp437', 'email.parser', 'email.feedparser', 'setuptools.extension', 'setuptools.monkey', 'distutils.filelist', 'setuptools.dist', 'distutils.log', 'distutils.command', 'glob', 'setuptools._vendor.packaging', 'setuptools.extern.packaging', 'setuptools._vendor.ordered_set', 'setuptools.extern.ordered_set', 'setuptools._vendor.more_itertools', 'setuptools._vendor.more_itertools.more', 'setuptools._vendor.more_itertools.recipes', 'setuptools.extern.more_itertools', 'setuptools.command', 'distutils.command.bdist', 'setuptools.windows_support', 'setuptools.config', 'setuptools.config.setupcfg', 'setuptools.errors', 'setuptools.extern.packaging.markers', 'setuptools.extern.packaging._parser', 'ast', '_ast', 'setuptools.extern.packaging._tokenizer', 'dataclasses', 'copy', 'org', 'setuptools.extern.packaging.specifiers', 'setuptools.extern.packaging.utils', 'setuptools.extern.packaging.tags', 'setuptools._vendor.packaging._manylinux', 'setuptools._vendor.packaging._elffile', 'setuptools._vendor.packaging._musllinux', 'setuptools.extern.packaging.version', 'setuptools.extern.packaging._structures', 'setuptools.extern.packaging.requirements', 'setuptools.config.expand', 'setuptools._path', 'setuptools.config.pyprojecttoml', 'setuptools.config._apply_pyprojecttoml', 'email.headerregistry', 'email._header_value_parser', 'setuptools.discovery', 'setuptools._reqs', 'setuptools._vendor.jaraco', 'setuptools.extern.jaraco', 'setuptools.extern.jaraco.text', 'importlib.resources', 'setuptools.extern.jaraco.functools', 'setuptools.extern.jaraco.context', 'setuptools._entry_points', 'setuptools._itertools', 'setuptools._normalization', 'setuptools.depends', 'setuptools._imp', 'setuptools.logging', 'setuptools.msvc', 'json', 'json.decoder', 'json.scanner', '_json', 'json.encoder', 'distutils.version', 'pickle', '_compat_pickle', '_pickle', 'pyspark.cloudpickle', 'imp', 'pyspark.util', 'pyspark.broadcast', 'gc', 'pyspark.java_gateway', 'shlex', 'py4j.java_gateway', 'pydoc', 'pkgutil', 'py4j.finalizer', 'py4j.signals', 'py4j.java_collections', 'pyspark.find_spark_home', 'pyspark.files', 'pyspark.storagelevel', 'pyspark.rdd', 'pyspark.join', 'pyspark.resultiterable', 'pyspark.statcounter', 'numpy', 'numpy._globals', 'numpy.__config__', 'numpy.version', 'numpy._distributor_init', 'numpy.core', 'numpy.core.info', 'numpy.core.multiarray', 'numpy.core.overrides', 'numpy.core._multiarray_umath', 'numpy.compat', 'numpy.compat._inspect', 'numpy.compat.py3k', 'numpy.core.umath', 'numpy.core.numerictypes', 'numpy.core._string_helpers', 'numpy.core._type_aliases', 'numpy.core._dtype', 'numpy.core.numeric', 'numpy.core._internal', 'ctypes', '_ctypes', 'ctypes._endian', 'numpy.core.fromnumeric', 'numpy.core._methods', 'numpy.core.arrayprint', 'numpy.core.defchararray', 'numpy.core.records', 'numpy.core.memmap', 'numpy.core.function_base', 'numpy.core.machar', 'numpy.core.getlimits', 'numpy.core.shape_base', 'numpy.core.einsumfunc', 'numpy.core._add_newdocs', 'numpy.core._multiarray_tests', 'numpy.core._dtype_ctypes', 'numpy._pytesttester', 'numpy.lib', 'numpy.lib.info', 'numpy.lib.type_check', 'numpy.lib.ufunclike', 'numpy.lib.index_tricks', 'numpy.matrixlib', 'numpy.matrixlib.defmatrix', 'numpy.linalg', 'numpy.linalg.info', 'numpy.linalg.linalg', 'numpy.lib.twodim_base', 'numpy.linalg.lapack_lite', 'numpy.linalg._umath_linalg', 'numpy.lib.function_base', 'numpy.lib.utils', 'numpy.lib.histograms', 'numpy.lib.stride_tricks', 'numpy.lib.mixins', 'numpy.lib.nanfunctions', 'numpy.lib.shape_base', 'numpy.lib.scimath', 'numpy.lib.polynomial', 'numpy.lib.arraysetops', 'numpy.lib.npyio', 'numpy.lib.format', 'numpy.lib._datasource', 'numpy.lib._iotools', 'numpy.lib.financial', 'numpy.lib.arrayterator', 'numpy.lib.arraypad', 'numpy.lib._version', 'numpy.fft', 'numpy.fft.info', 'numpy.fft.fftpack', 'numpy.fft.fftpack_lite', 'numpy.fft.helper', 'numpy.polynomial', 'numpy.polynomial.polynomial', 'numpy.polynomial.polyutils', 'numpy.polynomial._polybase', 'numpy.polynomial.chebyshev', 'numpy.polynomial.legendre', 'numpy.polynomial.hermite', 'numpy.polynomial.hermite_e', 'numpy.polynomial.laguerre', 'numpy.random', 'numpy.random.mtrand', 'cython_runtime', 'mtrand', 'numpy.ctypeslib', 'numpy.ma', 'numpy.ma.core', 'numpy.ma.extras', 'numpy.testing', 'unittest', 'unittest.result', 'unittest.util', 'unittest.case', 'difflib', 'pprint', 'unittest.suite', 'unittest.loader', 'unittest.main', 'argparse', 'unittest.runner', 'unittest.signals', 'numpy.testing._private', 'numpy.testing._private.utils', 'numpy.testing._private.decorators', 'numpy.testing._private.nosetester', 'pyspark.rddsampler', 'pyspark.shuffle', 'pyspark.heapq3', 'pyspark.traceback_utils', 'pyspark.status', 'pyspark.profiler', 'cProfile', '_lsprof', 'profile', 'pstats', 'pyspark.taskcontext', 'pyspark.version', 'pyspark._globals', 'pyspark.sql', 'pyspark.sql.types', 'array', 'pyspark.sql.context', 'pyspark.sql.session', 'pyspark.sql.conf', 'pyspark.sql.dataframe', 'html', 'html.entities', 'pyspark.sql.column', 'pyspark.sql.readwriter', 'pyspark.sql.utils', 'pyspark.sql.streaming', 'pyspark.sql.udf', 'pyspark.sql.catalog', 'pyspark.sql.group', 'pyspark.sql.window', 'logging.config', 'logging.handlers', 'validations', 'pandas', 'pytz', 'pytz.exceptions', 'pytz.lazy', 'pytz.tzinfo', 'pytz.tzfile', 'dateutil', 'dateutil._version', 'pandas.compat', 'unicodedata', 'http', 'http.client', 'ssl', '_ssl', 'pandas.compat.chainmap', 'dateutil.parser', 'dateutil.parser._parser', 'six', 'dateutil.relativedelta', 'dateutil._common', 'dateutil.tz', 'dateutil.tz.tz', 'six.moves', 'dateutil.tz._common', 'dateutil.tz._factories', 'dateutil.parser.isoparser', 'pandas.compat.numpy', 'pandas._libs', 'pandas._libs.tslib', 'pandas._libs.tslibs', 'pandas._libs.tslibs.conversion', 'pandas._libs.tslibs.np_datetime', 'pandas._libs.tslibs.nattype', '_cython_0_29_2', 'pandas._libs.tslibs.timedeltas', 'pandas._libs.tslibs.timezones', 'pandas._libs.tslibs.parsing', 'pandas._libs.tslibs.ccalendar', 'pandas._libs.tslibs.strptime', 'pandas._libs.tslibs.timestamps', 'pandas._libs.tslibs.fields', 'pandas._libs.hashtable', 'pandas._libs.missing', 'pandas._libs.lib', 'pandas.core', 'pandas.core.config_init', 'pandas.core.config', 'pandas.io', 'pandas.io.formats', 'pandas.io.formats.printing', 'pandas.core.dtypes', 'pandas.core.dtypes.inference', 'pandas.io.formats.console', 'pandas.io.formats.terminal', 'pandas.core.api', 'pandas.core.algorithms', 'pandas.core.dtypes.cast', 'pandas.core.dtypes.common', 'pandas._libs.algos', 'pandas.core.dtypes.dtypes', 'pandas.core.dtypes.generic', 'pandas.core.dtypes.base', 'pandas.errors', 'pandas.core.dtypes.missing', 'pandas.core.common', 'pandas.util', 'pandas.util._decorators', 'pandas._libs.properties', 'pandas.core.util', 'pandas.core.util.hashing', 'pandas._libs.hashing', 'pandas.core.arrays', 'pandas.core.arrays.base', 'pandas.compat.numpy.function', 'pandas.util._validators', 'pandas.core.arrays.categorical', 'pandas.core.accessor', 'pandas.core.base', 'pandas.core.nanops', 'pandas.core.missing', 'pandas.core.groupby', 'pandas.core.groupby.groupby', 'pandas.core.index', 'pandas.core.indexes', 'pandas.core.indexes.api', 'pandas.core.indexes.base', 'pandas._libs.index', 'pandas._libs.tslibs.period', 'pandas._libs.tslibs.frequencies', 'pandas._libs.tslibs.resolution', 'pandas.tseries', 'pandas.tseries.offsets', 'pandas.core.tools', 'pandas.core.tools.datetimes', 'dateutil.easter', 'pandas._libs.tslibs.offsets', 'pandas.tseries.frequencies', 'pandas._libs.join', 'pandas.core.ops', 'pandas._libs.ops', 'pandas.core.indexes.frozen', 'pandas.core.dtypes.concat', 'pandas.core.sorting', 'pandas.core.strings', 'pandas.core.indexes.category', 'pandas.core.indexes.multi', 'pandas.core.indexes.interval', 'pandas._libs.interval', 'pandas.core.indexes.datetimes', 'pandas.core.indexes.numeric', 'pandas.core.indexes.datetimelike', 'pandas.core.tools.timedeltas', 'pandas.core.indexes.timedeltas', 'pandas.core.indexes.range', 'pandas.core.indexes.period', 'pandas.core.frame', 'pandas.core.generic', 'pandas.core.indexing', 'pandas._libs.indexing', 'pandas.core.internals', 'pandas._libs.internals', 'pandas.core.sparse', 'pandas.core.sparse.array', 'pandas._libs.sparse', 'pandas.io.formats.format', 'pandas.io.common', 'mmap', 'urllib.request', 'urllib.error', 'urllib.response', 'pandas.core.series', 'pandas.core.indexes.accessors', 'pandas.plotting', 'pandas.plotting._misc', 'pandas.plotting._style', 'pandas.plotting._compat', 'pandas.plotting._tools', 'pandas.plotting._core', 'pandas.plotting._converter', 'matplotlib', 'matplotlib.cbook', 'gzip', 'matplotlib.cbook.deprecation', 'matplotlib.rcsetup', 'matplotlib.fontconfig_pattern', 'pyparsing', 'matplotlib.colors', 'matplotlib._color_data', 'cycler', 'matplotlib._version']
"18-Jul-24 23:09:04" - root - INFO - run_presc_pipeline se ha iniciado ...
"18-Jul-24 23:09:04" - root - INFO - main() se ha iniciado ...
"18-Jul-24 23:09:04" - create_objects - INFO - get_spark_object() is started. The 'TEST' envn is used.
"18-Jul-24 23:09:08" - create_objects - INFO - Spark Object is created ...
"18-Jul-24 23:09:14" - validations - INFO - Validar el Spark object imprimiendo la fecha actual - [Row(current_date()=datetime.date(2024, 7, 18))]
"18-Jul-24 23:09:14" - validations - INFO - El Spark object a sido validado. El Spark Object esta listo !!! 


"18-Jul-24 23:09:19" - presc_run_data_ingest - INFO - load_files() ha comenzado ...
"18-Jul-24 23:09:20" - presc_run_data_ingest - INFO - El archivo input /proyectos/PrescPipeline/staging/dimension_city a sido cargado en el dataframe. La funcion load_files() a finalizado.
"18-Jul-24 23:09:24" - presc_run_data_ingest - INFO - load_files() ha comenzado ...
"18-Jul-24 23:09:27" - presc_run_data_ingest - INFO - El archivo input /proyectos/PrescPipeline/staging/fact a sido cargado en el dataframe. La funcion load_files() a finalizado.
"18-Jul-24 23:09:27" - validations - INFO - La validación del dataframe por recuento df_count() se a iniciado para el Dataframe df_city...
"18-Jul-24 23:09:28" - validations - INFO - El recuento del DataFrame es 28338.
"18-Jul-24 23:09:28" - validations - INFO - La validación del dataframe por recuento df_count() a finalizado !!! 


"18-Jul-24 23:09:28" - validations - INFO - La validación del dataframe por los 10 primeros registros df_top10_rec() se a iniciado para el Dataframe df_city...
"18-Jul-24 23:09:28" - validations - INFO - The DataFrame top 10 records are:.
"18-Jul-24 23:09:29" - validations - INFO - 
 	city    city_ascii state_id            state_name  county_fips           county_name      lat       lng  population  density             timezone                                               zips
    New York      New York       NY              New York        36061              New York  40.6943  -73.9249    18713220    10715     America/New_York  11229 11226 11225 11224 11222 11221 11220 1138...
 Los Angeles   Los Angeles       CA            California         6037           Los Angeles  34.1139 -118.4068    12750807     3276  America/Los_Angeles  90291 90293 90292 91316 91311 90037 90031 9000...
     Chicago       Chicago       IL              Illinois        17031                  Cook  41.8373  -87.6862     8604203     4574      America/Chicago  60018 60649 60641 60640 60643 60642 60645 6064...
       Miami         Miami       FL               Florida        12086            Miami-Dade  25.7839  -80.2102     6445545     5019     America/New_York  33129 33125 33126 33127 33128 33149 33144 3314...
      Dallas        Dallas       TX                 Texas        48113                Dallas  32.7936  -96.7662     5743938     1526      America/Chicago  75287 75098 75233 75254 75251 75252 75253 7503...
Philadelphia  Philadelphia       PA          Pennsylvania        42101          Philadelphia  40.0077  -75.1339     5649300     4554     America/New_York  19154 19151 19150 19153 19152 19102 19103 1910...
     Houston       Houston       TX                 Texas        48201                Harris  29.7863  -95.3889     5464251     1399      America/Chicago  77069 77068 77061 77060 77063 77062 77065 7706...
     Atlanta       Atlanta       GA               Georgia        13121                Fulton  33.7627  -84.4224     5449398     1441     America/New_York  30334 30331 30332 30309 30308 30305 30307 3030...
  Washington    Washington       DC  District of Columbia        11001  District of Columbia  38.9047  -77.0163     5379184     4457     America/New_York  20010 20011 20012 20015 20228 20520 20307 2041...
      Boston        Boston       MA         Massachusetts        25025               Suffolk  42.3188  -71.0846     4688346     5532     America/New_York  02120 02121 02122 02124 02125 02126 02127 0212...
"18-Jul-24 23:09:29" - validations - INFO - La validación del dataframe por los 10 primeros registros df_top10_rec() a finalizado !!! 


"18-Jul-24 23:09:29" - validations - INFO - La validación del dataframe por recuento df_count() se a iniciado para el Dataframe df_fact...
"18-Jul-24 23:09:29" - validations - INFO - El recuento del DataFrame es 105.
"18-Jul-24 23:09:29" - validations - INFO - La validación del dataframe por recuento df_count() a finalizado !!! 


"18-Jul-24 23:09:29" - validations - INFO - La validación del dataframe por los 10 primeros registros df_top10_rec() se a iniciado para el Dataframe df_fact...
"18-Jul-24 23:09:29" - validations - INFO - The DataFrame top 10 records are:.
"18-Jul-24 23:09:30" - validations - INFO - 
 	npi nppes_provider_last_org_name nppes_provider_first_name nppes_provider_city nppes_provider_state specialty_description description_flag                      drug_name                    generic_name  bene_count  total_claim_count  total_30_day_fill_count  total_day_supply  total_drug_cost  bene_count_ge65 bene_count_ge65_suppress_flag  total_claim_count_ge65 ge65_suppress_flag  total_30_day_fill_count_ge65  total_day_supply_ge65  total_drug_cost_ge65 year_exp
1437118403                        QUINN                    RACHEL       FORT ATKINSON                   WI       Family Practice                S          METHENAMINE HIPPURATE           METHENAMINE HIPPURATE         NaN                NaN                     13.0               366          1159.13              NaN                             *                     NaN                  *                           NaN                    NaN                   NaN    = 2.0
1437118403                        QUINN                    RACHEL       FORT ATKINSON                   WI       Family Practice                S          METHENAMINE HIPPURATE           METHENAMINE HIPPURATE         NaN               99.0                     13.0               366          1159.13              NaN                             *                     NaN                  *                           NaN                    NaN                   NaN    = 2.0
1841297421                    SIFUENTES                     JORGE              BORGER                   TX      General Practice                S                       NYSTATIN                        NYSTATIN        19.0               40.0                     40.0               450           623.64              NaN                             #                    29.0               None                          29.0                  333.0                436.93    = 9.0
1770522567                  VAN DE BEEK                        M.        PHILADELPHIA                   PA       Family Practice                S                     CLONAZEPAM                      CLONAZEPAM         NaN               24.0                     32.0               960           118.55              NaN                             #                     NaN                  #                           NaN                    NaN                   NaN   = 10.0
1497789556                       GRAHAM                       BOB           NASHVILLE                   TN     Internal Medicine                S                      CELECOXIB                       CELECOXIB         NaN               27.0                     41.0              1230          1221.21              NaN                             *                    27.0               None                          41.0                 1230.0               1221.21   = 12.0
1417913278                      JOHNSON                     DIANE             MINEOLA                   NY    Infectious Disease                S  SULFAMETHOXAZOLE-TRIMETHOPRIM   SULFAMETHOXAZOLE/TRIMETHOPRIM         NaN               12.0                     12.0               360            77.57              0.0                          None                     0.0               None                           0.0                    0.0                  0.00   = 25.0
1437108628                     HOWERTON                     SHAWN            ROSEBORO                   NC       Family Practice                S                   KLOR-CON M20              POTASSIUM CHLORIDE         NaN               27.0                     31.0               930           309.60              NaN                             *                    27.0               None                          31.0                  930.0                309.60    = 3.0
1770779761                       KONTIR                   NATALEE          HOMER CITY                   PA       Family Practice                S              ZOLPIDEM TARTRATE               ZOLPIDEM TARTRATE         NaN               18.0                     26.0               780            40.76              NaN                             *                    18.0               None                          26.0                  780.0                 40.76    = 6.0
1518906262                     MATTIACE                   WILLIAM        WILLIAMSPORT                   PA       Family Practice                S                           None            ROSUVASTATIN CALCIUM        13.0               67.0                     91.0              2730         22141.56              NaN                             #                     NaN                  #                           NaN                    NaN                   NaN    = 6.0
1437312485                    GERRIETTS                  JENNIFER            JOHNSTON                   IA       Family Practice                S                INSULIN SYRINGE  SYRING-NEEDL,DISP,INSUL,0.3 ML         NaN               17.0                     17.3               465           515.41              NaN                             *                    17.0               None                          17.3                  465.0                515.41   = 19.0
"18-Jul-24 23:09:30" - validations - INFO - La validación del dataframe por los 10 primeros registros df_top10_rec() a finalizado !!! 


"18-Jul-24 23:09:30" - presc_run_data_preprocessing - INFO -  La funcion perform_data_clean() se ha iniciado para el dataframe df_city...
"18-Jul-24 23:09:30" - presc_run_data_preprocessing - INFO - perform_data_clean() is started for df_fact dataframe...
"18-Jul-24 23:09:30" - presc_run_data_preprocessing - INFO - perform_data_clean() a finalizado...
"18-Jul-24 23:09:30" - validations - INFO - La validación del dataframe por los 10 primeros registros df_top10_rec() se a iniciado para el Dataframe df_city_sel...
"18-Jul-24 23:09:30" - validations - INFO - The DataFrame top 10 records are:.
"18-Jul-24 23:09:31" - validations - INFO - 
 	city state_id            state_name           county_name  population                                               zips
    NEW YORK       NY              NEW YORK              NEW YORK    18713220  11229 11226 11225 11224 11222 11221 11220 1138...
 LOS ANGELES       CA            CALIFORNIA           LOS ANGELES    12750807  90291 90293 90292 91316 91311 90037 90031 9000...
     CHICAGO       IL              ILLINOIS                  COOK     8604203  60018 60649 60641 60640 60643 60642 60645 6064...
       MIAMI       FL               FLORIDA            MIAMI-DADE     6445545  33129 33125 33126 33127 33128 33149 33144 3314...
      DALLAS       TX                 TEXAS                DALLAS     5743938  75287 75098 75233 75254 75251 75252 75253 7503...
PHILADELPHIA       PA          PENNSYLVANIA          PHILADELPHIA     5649300  19154 19151 19150 19153 19152 19102 19103 1910...
     HOUSTON       TX                 TEXAS                HARRIS     5464251  77069 77068 77061 77060 77063 77062 77065 7706...
     ATLANTA       GA               GEORGIA                FULTON     5449398  30334 30331 30332 30309 30308 30305 30307 3030...
  WASHINGTON       DC  DISTRICT OF COLUMBIA  DISTRICT OF COLUMBIA     5379184  20010 20011 20012 20015 20228 20520 20307 2041...
      BOSTON       MA         MASSACHUSETTS               SUFFOLK     4688346  02120 02121 02122 02124 02125 02126 02127 0212...
"18-Jul-24 23:09:31" - validations - INFO - La validación del dataframe por los 10 primeros registros df_top10_rec() a finalizado !!! 


"18-Jul-24 23:09:31" - validations - INFO - La validación del dataframe por los 10 primeros registros df_top10_rec() se a iniciado para el Dataframe df_fact_sel...
"18-Jul-24 23:09:31" - validations - INFO - The DataFrame top 10 records are:.
"18-Jul-24 23:09:35" - validations - INFO - 
 	presc_id       presc_city presc_state          presc_spclt  year_exp                       drug_name  trx_cnt  total_day_supply  total_drug_cost country_name       presc_fullname
1518981885          TAMARAC          FL    Internal Medicine        17                   MECLIZINE HCL       57              1362           794.95          USA       BARBARA MARTIN
1053315424           CANTON          SD      Family Practice        27                          LANTUS       12               360          3044.16          USA      MARGARET DEVICK
1528007432        WAKEFIELD          RI    Internal Medicine        26               AMITRIPTYLINE HCL       52              1680           790.89          USA         PAUL BARRATT
1104888106      PANAMA CITY          FL      Family Practice         2  AMOXICILLIN-CLAVULANATE POTASS       31               307           400.16          USA  ISABEL PARRIS-RAMIE
1922029172         BROOKLYN          NY    Internal Medicine         9                 HYDRALAZINE HCL       28               915           655.35          USA          AVRAHAM TAL
1982813093         LOVELAND          CO  Physician Assistant         6                       MELOXICAM       16              1260           330.55          USA         JILL HARTMAN
1396968145  WEST PALM BEACH          FL   Nurse Practitioner        21                     RISPERIDONE       12               360            78.08          USA         BEVERLY CASH
1255320578            ALTON          IL      Family Practice         5               DICLOFENAC SODIUM       70               812           286.41          USA   MENA LUANGJAMEKORN
1255320578            ALTON          IL      Family Practice         5               DICLOFENAC SODIUM       90               812           286.41          USA   MENA LUANGJAMEKORN
1255320578            ALTON          IL      Family Practice         5               DICLOFENAC SODIUM       80               812           286.41          USA   MENA LUANGJAMEKORN
"18-Jul-24 23:09:35" - validations - INFO - La validación del dataframe por los 10 primeros registros df_top10_rec() a finalizado !!! 


"18-Jul-24 23:09:35" - validations - INFO - La validación del Schema DataFrame para el dataframe df_fact_sel...
"18-Jul-24 23:09:35" - validations - INFO - El schema del DataFrame es df_fact_sel: 
"18-Jul-24 23:09:35" - validations - INFO - 	StructField(presc_id,IntegerType,true)
"18-Jul-24 23:09:35" - validations - INFO - 	StructField(presc_city,StringType,true)
"18-Jul-24 23:09:35" - validations - INFO - 	StructField(presc_state,StringType,true)
"18-Jul-24 23:09:35" - validations - INFO - 	StructField(presc_spclt,StringType,true)
"18-Jul-24 23:09:35" - validations - INFO - 	StructField(year_exp,IntegerType,true)
"18-Jul-24 23:09:35" - validations - INFO - 	StructField(drug_name,StringType,true)
"18-Jul-24 23:09:35" - validations - INFO - 	StructField(trx_cnt,IntegerType,true)
"18-Jul-24 23:09:35" - validations - INFO - 	StructField(total_day_supply,IntegerType,true)
"18-Jul-24 23:09:35" - validations - INFO - 	StructField(total_drug_cost,DoubleType,true)
"18-Jul-24 23:09:35" - validations - INFO - 	StructField(country_name,StringType,false)
"18-Jul-24 23:09:35" - validations - INFO - 	StructField(presc_fullname,StringType,false)
"18-Jul-24 23:09:35" - validations - INFO - La validacion del Schema Dataframe a finalizado !!! 


"18-Jul-24 23:09:35" - presc_run_data_transform - INFO - Transform - city_report() se ha iniciado...
"18-Jul-24 23:09:35" - presc_run_data_transform - INFO - Transform - city_report() a finalizado...
"18-Jul-24 23:09:35" - presc_run_data_transform - INFO - Transform - top_5_Prescribers() se ha iniciado...
"18-Jul-24 23:09:35" - presc_run_data_transform - INFO - Transform - top_5_Prescribers() a finalizado...
"18-Jul-24 23:09:35" - validations - INFO - La validación del dataframe por los 10 primeros registros df_top10_rec() se a iniciado para el Dataframe df_city_final...
"18-Jul-24 23:09:35" - validations - INFO - The DataFrame top 10 records are:.
"18-Jul-24 23:09:57" - validations - INFO - 
 	city            state_name           county_name  population  zip_counts  trx_counts  presc_counts
 LOS ANGELES            CALIFORNIA           LOS ANGELES    12750807         196          26             2
PHILADELPHIA          PENNSYLVANIA          PHILADELPHIA     5649300          86          24             1
  WASHINGTON  DISTRICT OF COLUMBIA  DISTRICT OF COLUMBIA     5379184         286          35             1
     PHOENIX               ARIZONA              MARICOPA     4219697          82          58             2
      DENVER              COLORADO                DENVER     2876625          54          59             1
    BROOKLYN              NEW YORK                 KINGS     2559903          37         238             3
  SACRAMENTO            CALIFORNIA            SACRAMENTO     1898019          86          23             1
    SAN JOSE            CALIFORNIA           SANTA CLARA     1798103          58          18             1
  PITTSBURGH          PENNSYLVANIA             ALLEGHENY     1703266          52          11             1
       BRONX              NEW YORK                 BRONX     1418207          25          14             1
"18-Jul-24 23:09:57" - validations - INFO - La validación del dataframe por los 10 primeros registros df_top10_rec() a finalizado !!! 


"18-Jul-24 23:09:57" - validations - INFO - La validación del Schema DataFrame para el dataframe df_city_final...
"18-Jul-24 23:09:57" - validations - INFO - El schema del DataFrame es df_city_final: 
"18-Jul-24 23:09:57" - validations - INFO - 	StructField(city,StringType,true)
"18-Jul-24 23:09:57" - validations - INFO - 	StructField(state_name,StringType,true)
"18-Jul-24 23:09:57" - validations - INFO - 	StructField(county_name,StringType,true)
"18-Jul-24 23:09:57" - validations - INFO - 	StructField(population,IntegerType,true)
"18-Jul-24 23:09:57" - validations - INFO - 	StructField(zip_counts,IntegerType,false)
"18-Jul-24 23:09:57" - validations - INFO - 	StructField(trx_counts,LongType,true)
"18-Jul-24 23:09:57" - validations - INFO - 	StructField(presc_counts,LongType,false)
"18-Jul-24 23:09:57" - validations - INFO - La validacion del Schema Dataframe a finalizado !!! 


"18-Jul-24 23:09:57" - validations - INFO - La validación del dataframe por recuento df_count() se a iniciado para el Dataframe df_city_final...
"18-Jul-24 23:10:04" - validations - INFO - El recuento del DataFrame es 77.
"18-Jul-24 23:10:04" - validations - INFO - La validación del dataframe por recuento df_count() a finalizado !!! 


"18-Jul-24 23:10:04" - validations - INFO - La validación del dataframe por los 10 primeros registros df_top10_rec() se a iniciado para el Dataframe df_presc_final...
"18-Jul-24 23:10:04" - validations - INFO - The DataFrame top 10 records are:.
"18-Jul-24 23:10:22" - validations - INFO - 
 	presc_id    presc_fullname presc_state country_name  year_exp  trx_cnt  total_day_supply  total_drug_cost
1043335219   MARSHALL SHULER          SC          USA        26       35               589           272.48
1124086459  DAVID ST GERMAIN          LA          USA        28       25              1890          2087.73
1376659466       MARC STORCH          NJ          USA        30       62              2411         27610.21
1255332177   VICENTE MAGSINO          NJ          USA        28       19              1290          1437.81
1962701417   MADISON PADDOCK          DC          USA        22       35              1100           359.42
1528007432      PAUL BARRATT          RI          USA        26       52              1680           790.89
1346399607         NATHAN HO          CA          USA        28       21               374           682.03
1619073848     SHINGSAN CHOU          CA          USA        20       18               900           893.07
1992766604      JOSE CACERES          CA          USA        26       16               205          4152.07
1033120787   CHARLES ANANIAN          CA          USA        28       15               540          6541.32
"18-Jul-24 23:10:22" - validations - INFO - La validación del dataframe por los 10 primeros registros df_top10_rec() a finalizado !!! 


"18-Jul-24 23:10:22" - validations - INFO - La validación del Schema DataFrame para el dataframe df_presc_final...
"18-Jul-24 23:10:22" - validations - INFO - El schema del DataFrame es df_presc_final: 
"18-Jul-24 23:10:22" - validations - INFO - 	StructField(presc_id,IntegerType,true)
"18-Jul-24 23:10:22" - validations - INFO - 	StructField(presc_fullname,StringType,false)
"18-Jul-24 23:10:22" - validations - INFO - 	StructField(presc_state,StringType,true)
"18-Jul-24 23:10:22" - validations - INFO - 	StructField(country_name,StringType,false)
"18-Jul-24 23:10:22" - validations - INFO - 	StructField(year_exp,IntegerType,true)
"18-Jul-24 23:10:22" - validations - INFO - 	StructField(trx_cnt,IntegerType,true)
"18-Jul-24 23:10:22" - validations - INFO - 	StructField(total_day_supply,IntegerType,true)
"18-Jul-24 23:10:22" - validations - INFO - 	StructField(total_drug_cost,DoubleType,true)
"18-Jul-24 23:10:22" - validations - INFO - La validacion del Schema Dataframe a finalizado !!! 


"18-Jul-24 23:10:22" - validations - INFO - La validación del dataframe por recuento df_count() se a iniciado para el Dataframe df_presc_final...
"18-Jul-24 23:10:37" - validations - INFO - El recuento del DataFrame es 34.
"18-Jul-24 23:10:37" - validations - INFO - La validación del dataframe por recuento df_count() a finalizado !!! 


"18-Jul-24 23:10:37" - presc_run_data_extraction - INFO - Extraccion - extract_files() se ha iniciado...
"18-Jul-24 23:10:49" - presc_run_data_extraction - INFO - Extraccion - extract_files() a finalizado...
"18-Jul-24 23:10:49" - presc_run_data_extraction - INFO - Extraccion - extract_files() se ha iniciado...
"18-Jul-24 23:10:58" - presc_run_data_extraction - INFO - Extraccion - extract_files() a finalizado...
"18-Jul-24 23:10:58" - presc_run_data_persist - INFO - Persistir la data del script Hive - data_persist() se inicia para guardar dataframe df_city_final en la tabla Hive...
"18-Jul-24 23:11:17" - presc_run_data_persist - INFO - Persistir data - data_persist_hive() a finalizado para guardar dataframe df_city_final en la tabla Hive...
"18-Jul-24 23:11:17" - presc_run_data_persist - INFO - Persistir la data del script Hive - data_persist() se inicia para guardar dataframe df_presc_final en la tabla Hive...
"18-Jul-24 23:11:39" - presc_run_data_persist - INFO - Persistir data - data_persist_hive() a finalizado para guardar dataframe df_presc_final en la tabla Hive...
"18-Jul-24 23:11:39" - presc_run_data_persist - INFO - Persistir la data del script Postgres  - data_persist_rdbms() se inicia para guardar dataframe df_city_final en la tabla Postgres...
"18-Jul-24 23:11:53" - presc_run_data_persist - INFO - Persistir data Postgres - data_persist_postgre() a finalizado para guardar dataframe df_city_final en la tabla Postgres...
"18-Jul-24 23:11:53" - presc_run_data_persist - INFO - Persistir la data del script Postgres  - data_persist_rdbms() se inicia para guardar dataframe df_presc_final en la tabla Postgres...
"18-Jul-24 23:12:09" - presc_run_data_persist - INFO - Persistir data Postgres - data_persist_postgre() a finalizado para guardar dataframe df_presc_final en la tabla Postgres...
"18-Jul-24 23:12:09" - root - INFO - run_presc_pipeline.py a finalizado.
